<?xml version="1.0" encoding="UTF-8"?>
<!-- Generated by org.testng.reporters.JUnitReportReporter -->
<testsuite hostname="DESKTOP-P2BVMSV" failures="0" tests="4" name="project.tests.LoginTest" time="94.398" errors="0" timestamp="2024-02-22T13:33:59 BDT" skipped="0">
  <testcase classname="project.tests.LoginTest" name="loginTest" time="12.516"/>
  <testcase classname="project.tests.LoginTest" name="DashboardTest" time="41.272"/>
  <testcase classname="project.tests.LoginTest" name="SearchTest" time="21.088"/>
  <testcase classname="project.tests.LoginTest" name="CancelOderTest" time="19.522"/>
</testsuite> <!-- project.tests.LoginTest -->
