<?xml version="1.0" encoding="UTF-8"?>
<!-- Generated by org.testng.reporters.JUnitReportReporter -->
<testsuite hostname="DESKTOP-P2BVMSV" failures="0" tests="2" name="project.tests.LoginTest" time="44.787" errors="0" timestamp="2024-02-17T20:04:35 BDT" skipped="0">
  <testcase classname="project.tests.LoginTest" name="loginTest" time="9.630"/>
  <testcase classname="project.tests.LoginTest" name="DashboardTest" time="35.157"/>
</testsuite> <!-- project.tests.LoginTest -->
