<?xml version="1.0" encoding="UTF-8"?>
<!-- Generated by org.testng.reporters.JUnitReportReporter -->
<testsuite hostname="DESKTOP-P2BVMSV" failures="0" tests="3" name="project.tests.LoginTest" time="79.298" errors="0" timestamp="2024-03-10T21:49:56 BDT" skipped="0">
  <testcase classname="project.tests.LoginTest" name="loginTest" time="30.990"/>
  <testcase classname="project.tests.LoginTest" name="DashboardTest" time="18.230"/>
  <testcase classname="project.tests.LoginTest" name="SearchTest" time="30.078"/>
</testsuite> <!-- project.tests.LoginTest -->
