<?xml version="1.0" encoding="UTF-8"?>
<!-- Generated by org.testng.reporters.JUnitReportReporter -->
<testsuite hostname="DESKTOP-P2BVMSV" failures="0" tests="1" name="project.tests.DashboardTest" time="3.122" errors="0" timestamp="2024-02-17T18:04:35 BDT" skipped="0">
  <testcase classname="project.tests.DashboardTest" name="DashboardTest" time="3.122"/>
</testsuite> <!-- project.tests.DashboardTest -->
